<?xml version="1.0" encoding="UTF-8"?>
<!-- Generated by org.testng.reporters.JUnitReportReporter -->
<testsuite hostname="Boi" failures="0" tests="1" name="TestCases.Login" time="1.750" errors="0" timestamp="2024-08-20T21:45:53 IST" skipped="0">
  <testcase classname="TestCases.Login" name="login" time="1.750"/>
</testsuite> <!-- TestCases.Login -->
