<?xml version="1.0" encoding="UTF-8"?>
<!-- Generated by org.testng.reporters.JUnitReportReporter -->
<testsuite hostname="Boi" failures="0" tests="1" name="flipkart.Flipkart" time="13.394" errors="0" timestamp="2024-08-16T18:06:54 IST" skipped="0">
  <testcase classname="flipkart.Flipkart" name="login" time="13.394"/>
</testsuite> <!-- flipkart.Flipkart -->
