<?xml version="1.0" encoding="UTF-8"?>
<!-- Generated by org.testng.reporters.JUnitReportReporter -->
<testsuite hostname="Boi" failures="0" tests="1" name="TestCases.AdminVerfify" time="16.165" errors="0" timestamp="2024-08-20T21:45:53 IST" skipped="0">
  <testcase classname="TestCases.AdminVerfify" name="userVerification" time="16.165"/>
</testsuite> <!-- TestCases.AdminVerfify -->
